2024-07-18T17:51:24.000Z Não tem 
2024-07-18T18:37:11.000Z Não tem 
2024-07-18T18:39:09.000Z Não tem 
2024-07-18T18:39:36.000Z Não tem 
2024-07-18T18:41:37.000Z Não tem 
2024-07-18T18:46:29.000Z Não tem 
2024-07-18T18:52:51.000Z Não tem 
2024-07-18T18:46:50.000Z Não tem 
2024-07-18T18:52:07.000Z Não tem2024-07-18T18:55:07.000Z Não tem 
2024-07-18T18:55:44.000Z Não tem 
2024-07-18T18:57:13.000Z Não tem 
2024-07-18T19:08:26.000Z Não tem 
2024-07-18T19:18:41.000Z Não tem 
2024-07-18T19:23:49.000Z Não tem 
2024-07-18T19:29:10.000Z Não tem 
2024-07-18T19:35:28.000Z Não tem 
2024-07-18T19:40:43.000Z Não tem 
2024-07-18T19:46:01.000Z Não tem 
2024-07-18T19:51:21.000Z Não tem 
2024-07-18T19:56:48.000Z Não tem 
2024-07-18T20:09:17.000Z Não tem 
2024-07-18T20:23:22.000Z Não tem 
2024-07-18T20:29:14.000Z Não tem 
2024-07-18T20:35:27.000Z Não tem 
2024-07-18T20:40:36.000Z Não tem 
2024-07-18T20:45:52.000Z Não tem 
2024-07-18T20:51:17.000Z Não tem 
2024-07-18T20:56:54.000Z Não tem 
2024-07-18T21:08:28.000Z Não tem 
2024-07-18T21:25:10.000Z {'count': 1, 'orders': [{'id': 2974735, 'identifier': 990102282970208, 'pickingLocationId': '5f0f80ec908f28003ddc61a6', 'pickingLocationName': 'Pingo Doce Lordelo', 'selectedTimeSlot': {'date': '2024-07-19T00:00:00.000Z', 'startTimeInMinutes': 810, 'endTimeInMinutes': 840}, 'deliverySlotDate': '2024-07-19T00:00:00.000Z', 'timezone': 'Europe/Lisbon', 'totalItems': 37}]} 
2024-07-18T21:26:17.000Z {'count': 1, 'orders': [{'id': 2974735, 'identifier': 990102282970208, 'pickingLocationId': '5f0f80ec908f28003ddc61a6', 'pickingLocationName': 'Pingo Doce Lordelo', 'selectedTimeSlot': {'date': '2024-07-19T00:00:00.000Z', 'startTimeInMinutes': 810, 'endTimeInMinutes': 840}, 'deliverySlotDate': '2024-07-19T00:00:00.000Z', 'timezone': 'Europe/Lisbon', 'totalItems': 37}]} 
2024-07-18T21:27:18.000Z {'count': 1, 'orders': [{'id': 2974735, 'identifier': 990102282970208, 'pickingLocationId': '5f0f80ec908f28003ddc61a6', 'pickingLocationName': 'Pingo Doce Lordelo', 'selectedTimeSlot': {'date': '2024-07-19T00:00:00.000Z', 'startTimeInMinutes': 810, 'endTimeInMinutes': 840}, 'deliverySlotDate': '2024-07-19T00:00:00.000Z', 'timezone': 'Europe/Lisbon', 'totalItems': 37}]} 
2024-07-18T21:30:23.000Z {'count': 1, 'orders': [{'id': 2974735, 'identifier': 990102282970208, 'pickingLocationId': '5f0f80ec908f28003ddc61a6', 'pickingLocationName': 'Pingo Doce Lordelo', 'selectedTimeSlot': {'date': '2024-07-19T00:00:00.000Z', 'startTimeInMinutes': 810, 'endTimeInMinutes': 840}, 'deliverySlotDate': '2024-07-19T00:00:00.000Z', 'timezone': 'Europe/Lisbon', 'totalItems': 37}]} 
2024-07-18T21:32:14.000Z {'count': 1, 'orders': [{'id': 2974735, 'identifier': 990102282970208, 'pickingLocationId': '5f0f80ec908f28003ddc61a6', 'pickingLocationName': 'Pingo Doce Lordelo', 'selectedTimeSlot': {'date': '2024-07-19T00:00:00.000Z', 'startTimeInMinutes': 810, 'endTimeInMinutes': 840}, 'deliverySlotDate': '2024-07-19T00:00:00.000Z', 'timezone': 'Europe/Lisbon', 'totalItems': 37}]} 
2024-07-18T21:38:47.000Z Não tem 
2024-07-18T21:43:59.000Z Não tem 
2024-07-18T21:49:25.000Z Não tem 
2024-07-18T21:54:35.000Z Não tem 
2024-07-18T21:59:56.000Z Não tem 
2024-07-18T22:14:10.000Z Não tem 
2024-07-18T22:28:28.000Z Não tem 
2024-07-19T05:59:13.000Z Não tem 
2024-07-19T06:04:35.000Z Não tem 
2024-07-19T11:20:02.000Z Não tem 
2024-07-19T11:28:44.000Z {'count': 0, 'orders': []} 
2024-07-19T11:33:00.000Z {'count': 0, 'orders': []} 
2024-07-19T14:06:20.000Z Não tem 
2024-07-19T14:08:49.000Z {'count': 2, 'orders': [{'id': 2973792, 'identifier': 940489352969266, 'pickingLocationId': '5f0872fe13f8790049047a2c', 'pickingLocationName': 'Pingo Doce Valongo ', 'selectedTimeSlot': {'date': '2024-07-19T00:00:00.000Z', 'startTimeInMinutes': 1080, 'endTimeInMinutes': 1110}, 'deliverySlotDate': '2024-07-19T00:00:00.000Z', 'timezone': 'Europe/Lisbon', 'totalItems': 43}, {'id': 2975559, 'identifier': 402445752971031, 'pickingLocationId': '5f0f80ec908f28003ddc61a6', 'pickingLocationName': 'Pingo Doce Lordelo', 'selectedTimeSlot': {'date': '2024-07-19T00:00:00.000Z', 'startTimeInMinutes': 1230, 'endTimeInMinutes': 1260}, 'deliverySlotDate': '2024-07-19T00:00:00.000Z', 'timezone': 'Europe/Lisbon', 'totalItems': 46}]} 
2024-07-19T14:12:30.000Z {'count': 2, 'orders': [{'id': 2973792, 'identifier': 940489352969266, 'pickingLocationId': '5f0872fe13f8790049047a2c', 'pickingLocationName': 'Pingo Doce Valongo ', 'selectedTimeSlot': {'date': '2024-07-19T00:00:00.000Z', 'startTimeInMinutes': 1080, 'endTimeInMinutes': 1110}, 'deliverySlotDate': '2024-07-19T00:00:00.000Z', 'timezone': 'Europe/Lisbon', 'totalItems': 43}, {'id': 2975559, 'identifier': 402445752971031, 'pickingLocationId': '5f0f80ec908f28003ddc61a6', 'pickingLocationName': 'Pingo Doce Lordelo', 'selectedTimeSlot': {'date': '2024-07-19T00:00:00.000Z', 'startTimeInMinutes': 1230, 'endTimeInMinutes': 1260}, 'deliverySlotDate': '2024-07-19T00:00:00.000Z', 'timezone': 'Europe/Lisbon', 'totalItems': 46}]} 
2024-07-19T14:14:45.000Z {'count': 2, 'orders': [{'id': 2973792, 'identifier': 940489352969266, 'pickingLocationId': '5f0872fe13f8790049047a2c', 'pickingLocationName': 'Pingo Doce Valongo ', 'selectedTimeSlot': {'date': '2024-07-19T00:00:00.000Z', 'startTimeInMinutes': 1080, 'endTimeInMinutes': 1110}, 'deliverySlotDate': '2024-07-19T00:00:00.000Z', 'timezone': 'Europe/Lisbon', 'totalItems': 43}, {'id': 2975559, 'identifier': 402445752971031, 'pickingLocationId': '5f0f80ec908f28003ddc61a6', 'pickingLocationName': 'Pingo Doce Lordelo', 'selectedTimeSlot': {'date': '2024-07-19T00:00:00.000Z', 'startTimeInMinutes': 1230, 'endTimeInMinutes': 1260}, 'deliverySlotDate': '2024-07-19T00:00:00.000Z', 'timezone': 'Europe/Lisbon', 'totalItems': 46}]} 
2024-07-19T14:16:04.000Z {'count': 2, 'orders': [{'id': 2973792, 'identifier': 940489352969266, 'pickingLocationId': '5f0872fe13f8790049047a2c', 'pickingLocationName': 'Pingo Doce Valongo ', 'selectedTimeSlot': {'date': '2024-07-19T00:00:00.000Z', 'startTimeInMinutes': 1080, 'endTimeInMinutes': 1110}, 'deliverySlotDate': '2024-07-19T00:00:00.000Z', 'timezone': 'Europe/Lisbon', 'totalItems': 43}, {'id': 2975559, 'identifier': 402445752971031, 'pickingLocationId': '5f0f80ec908f28003ddc61a6', 'pickingLocationName': 'Pingo Doce Lordelo', 'selectedTimeSlot': {'date': '2024-07-19T00:00:00.000Z', 'startTimeInMinutes': 1230, 'endTimeInMinutes': 1260}, 'deliverySlotDate': '2024-07-19T00:00:00.000Z', 'timezone': 'Europe/Lisbon', 'totalItems': 46}]} 
2024-07-19T14:25:58.000Z {'count': 2, 'orders': [{'id': 2973792, 'identifier': 940489352969266, 'pickingLocationId': '5f0872fe13f8790049047a2c', 'pickingLocationName': 'Pingo Doce Valongo ', 'selectedTimeSlot': {'date': '2024-07-19T00:00:00.000Z', 'startTimeInMinutes': 1080, 'endTimeInMinutes': 1110}, 'deliverySlotDate': '2024-07-19T00:00:00.000Z', 'timezone': 'Europe/Lisbon', 'totalItems': 43}, {'id': 2975559, 'identifier': 402445752971031, 'pickingLocationId': '5f0f80ec908f28003ddc61a6', 'pickingLocationName': 'Pingo Doce Lordelo', 'selectedTimeSlot': {'date': '2024-07-19T00:00:00.000Z', 'startTimeInMinutes': 1230, 'endTimeInMinutes': 1260}, 'deliverySlotDate': '2024-07-19T00:00:00.000Z', 'timezone': 'Europe/Lisbon', 'totalItems': 46}]} 
